2025-03-01 12:47:54.237 +03:00 [INF] User profile is available. Using '/home/ahmed/.aspnet/DataProtection-Keys' as key repository; keys will not be encrypted at rest.
2025-03-01 12:47:54.516 +03:00 [INF] Now listening on: http://localhost:5102
2025-03-01 12:47:54.518 +03:00 [INF] Application started. Press Ctrl+C to shut down.
2025-03-01 12:47:54.519 +03:00 [INF] Hosting environment: Development
2025-03-01 12:47:54.520 +03:00 [INF] Content root path: /home/ahmed/projects/ASPNET-WebApi/BGwalks/BGwalks.API
2025-03-01 12:47:58.201 +03:00 [INF] Request starting HTTP/1.1 GET http://localhost:5102/swagger/index.html - null null
2025-03-01 12:47:58.392 +03:00 [INF] Request finished HTTP/1.1 GET http://localhost:5102/swagger/index.html - 200 null text/html;charset=utf-8 193.2361ms
2025-03-01 12:47:58.438 +03:00 [INF] Request starting HTTP/1.1 GET http://localhost:5102/swagger/index.js - null null
2025-03-01 12:47:58.470 +03:00 [INF] Request finished HTTP/1.1 GET http://localhost:5102/swagger/index.js - 200 null application/javascript;charset=utf-8 32.1826ms
2025-03-01 12:47:58.559 +03:00 [INF] Request starting HTTP/1.1 GET http://localhost:5102/swagger/v1/swagger.json - null null
2025-03-01 12:47:58.789 +03:00 [INF] Request finished HTTP/1.1 GET http://localhost:5102/swagger/v1/swagger.json - 200 null application/json;charset=utf-8 230.299ms
2025-03-01 12:48:23.210 +03:00 [INF] Request starting HTTP/1.1 POST http://localhost:5102/api/Auth/Register - application/json 98
2025-03-01 12:48:23.215 +03:00 [WRN] Failed to determine the https port for redirect.
2025-03-01 12:48:23.278 +03:00 [INF] Executing endpoint 'BGwalks.API.Controllers.AuthController.Register (BGwalks.API)'
2025-03-01 12:48:23.301 +03:00 [INF] Route matched with {action = "Register", controller = "Auth"}. Executing controller action with signature System.Threading.Tasks.Task`1[Microsoft.AspNetCore.Mvc.IActionResult] Register(BGwalks.API.Models.DTO.RegisterRequestDto) on controller BGwalks.API.Controllers.AuthController (BGwalks.API).
2025-03-01 12:48:23.812 +03:00 [INF] Executed DbCommand (22ms) [Parameters=[@__normalizedUserName_0='?' (Size = 256)], CommandType='"Text"', CommandTimeout='30']
SELECT TOP(1) [a].[Id], [a].[AccessFailedCount], [a].[ConcurrencyStamp], [a].[Email], [a].[EmailConfirmed], [a].[LockoutEnabled], [a].[LockoutEnd], [a].[NormalizedEmail], [a].[NormalizedUserName], [a].[PasswordHash], [a].[PhoneNumber], [a].[PhoneNumberConfirmed], [a].[SecurityStamp], [a].[TwoFactorEnabled], [a].[UserName]
FROM [AspNetUsers] AS [a]
WHERE [a].[NormalizedUserName] = @__normalizedUserName_0
2025-03-01 12:48:23.846 +03:00 [INF] Executed DbCommand (7ms) [Parameters=[@__normalizedEmail_0='?' (Size = 256)], CommandType='"Text"', CommandTimeout='30']
SELECT TOP(2) [a].[Id], [a].[AccessFailedCount], [a].[ConcurrencyStamp], [a].[Email], [a].[EmailConfirmed], [a].[LockoutEnabled], [a].[LockoutEnd], [a].[NormalizedEmail], [a].[NormalizedUserName], [a].[PasswordHash], [a].[PhoneNumber], [a].[PhoneNumberConfirmed], [a].[SecurityStamp], [a].[TwoFactorEnabled], [a].[UserName]
FROM [AspNetUsers] AS [a]
WHERE [a].[NormalizedEmail] = @__normalizedEmail_0
2025-03-01 12:48:23.950 +03:00 [INF] Executed DbCommand (14ms) [Parameters=[@p0='?' (Size = 450), @p1='?' (DbType = Int32), @p2='?' (Size = 4000), @p3='?' (Size = 256), @p4='?' (DbType = Boolean), @p5='?' (DbType = Boolean), @p6='?' (DbType = DateTimeOffset), @p7='?' (Size = 256), @p8='?' (Size = 256), @p9='?' (Size = 4000), @p10='?' (Size = 4000), @p11='?' (DbType = Boolean), @p12='?' (Size = 4000), @p13='?' (DbType = Boolean), @p14='?' (Size = 256)], CommandType='"Text"', CommandTimeout='30']
SET IMPLICIT_TRANSACTIONS OFF;
SET NOCOUNT ON;
INSERT INTO [AspNetUsers] ([Id], [AccessFailedCount], [ConcurrencyStamp], [Email], [EmailConfirmed], [LockoutEnabled], [LockoutEnd], [NormalizedEmail], [NormalizedUserName], [PasswordHash], [PhoneNumber], [PhoneNumberConfirmed], [SecurityStamp], [TwoFactorEnabled], [UserName])
VALUES (@p0, @p1, @p2, @p3, @p4, @p5, @p6, @p7, @p8, @p9, @p10, @p11, @p12, @p13, @p14);
2025-03-01 12:48:23.975 +03:00 [INF] Executed DbCommand (6ms) [Parameters=[@__normalizedRoleName_0='?' (Size = 256)], CommandType='"Text"', CommandTimeout='30']
SELECT TOP(2) [a].[Id], [a].[ConcurrencyStamp], [a].[Name], [a].[NormalizedName]
FROM [AspNetRoles] AS [a]
WHERE [a].[NormalizedName] = @__normalizedRoleName_0
2025-03-01 12:48:24.056 +03:00 [INF] Executed DbCommand (4ms) [Parameters=[@__p_0='?' (Size = 450), @__p_1='?' (Size = 450)], CommandType='"Text"', CommandTimeout='30']
SELECT TOP(1) [a].[UserId], [a].[RoleId]
FROM [AspNetUserRoles] AS [a]
WHERE [a].[UserId] = @__p_0 AND [a].[RoleId] = @__p_1
2025-03-01 12:48:24.064 +03:00 [INF] Executed DbCommand (2ms) [Parameters=[@__normalizedRoleName_0='?' (Size = 256)], CommandType='"Text"', CommandTimeout='30']
SELECT TOP(2) [a].[Id], [a].[ConcurrencyStamp], [a].[Name], [a].[NormalizedName]
FROM [AspNetRoles] AS [a]
WHERE [a].[NormalizedName] = @__normalizedRoleName_0
2025-03-01 12:48:24.079 +03:00 [INF] Executed DbCommand (3ms) [Parameters=[@__normalizedUserName_0='?' (Size = 256)], CommandType='"Text"', CommandTimeout='30']
SELECT TOP(1) [a].[Id], [a].[AccessFailedCount], [a].[ConcurrencyStamp], [a].[Email], [a].[EmailConfirmed], [a].[LockoutEnabled], [a].[LockoutEnd], [a].[NormalizedEmail], [a].[NormalizedUserName], [a].[PasswordHash], [a].[PhoneNumber], [a].[PhoneNumberConfirmed], [a].[SecurityStamp], [a].[TwoFactorEnabled], [a].[UserName]
FROM [AspNetUsers] AS [a]
WHERE [a].[NormalizedUserName] = @__normalizedUserName_0
2025-03-01 12:48:24.085 +03:00 [INF] Executed DbCommand (2ms) [Parameters=[@__normalizedEmail_0='?' (Size = 256)], CommandType='"Text"', CommandTimeout='30']
SELECT TOP(2) [a].[Id], [a].[AccessFailedCount], [a].[ConcurrencyStamp], [a].[Email], [a].[EmailConfirmed], [a].[LockoutEnabled], [a].[LockoutEnd], [a].[NormalizedEmail], [a].[NormalizedUserName], [a].[PasswordHash], [a].[PhoneNumber], [a].[PhoneNumberConfirmed], [a].[SecurityStamp], [a].[TwoFactorEnabled], [a].[UserName]
FROM [AspNetUsers] AS [a]
WHERE [a].[NormalizedEmail] = @__normalizedEmail_0
2025-03-01 12:48:24.131 +03:00 [INF] Executed DbCommand (11ms) [Parameters=[@p0='?' (Size = 450), @p1='?' (Size = 450), @p16='?' (Size = 450), @p2='?' (DbType = Int32), @p3='?' (Size = 4000), @p17='?' (Size = 4000), @p4='?' (Size = 256), @p5='?' (DbType = Boolean), @p6='?' (DbType = Boolean), @p7='?' (DbType = DateTimeOffset), @p8='?' (Size = 256), @p9='?' (Size = 256), @p10='?' (Size = 4000), @p11='?' (Size = 4000), @p12='?' (DbType = Boolean), @p13='?' (Size = 4000), @p14='?' (DbType = Boolean), @p15='?' (Size = 256)], CommandType='"Text"', CommandTimeout='30']
SET NOCOUNT ON;
INSERT INTO [AspNetUserRoles] ([RoleId], [UserId])
VALUES (@p0, @p1);
UPDATE [AspNetUsers] SET [AccessFailedCount] = @p2, [ConcurrencyStamp] = @p3, [Email] = @p4, [EmailConfirmed] = @p5, [LockoutEnabled] = @p6, [LockoutEnd] = @p7, [NormalizedEmail] = @p8, [NormalizedUserName] = @p9, [PasswordHash] = @p10, [PhoneNumber] = @p11, [PhoneNumberConfirmed] = @p12, [SecurityStamp] = @p13, [TwoFactorEnabled] = @p14, [UserName] = @p15
OUTPUT 1
WHERE [Id] = @p16 AND [ConcurrencyStamp] = @p17;
2025-03-01 12:48:24.162 +03:00 [INF] Executed DbCommand (2ms) [Parameters=[@__normalizedRoleName_0='?' (Size = 256)], CommandType='"Text"', CommandTimeout='30']
SELECT TOP(2) [a].[Id], [a].[ConcurrencyStamp], [a].[Name], [a].[NormalizedName]
FROM [AspNetRoles] AS [a]
WHERE [a].[NormalizedName] = @__normalizedRoleName_0
2025-03-01 12:48:24.169 +03:00 [INF] Executed DbCommand (1ms) [Parameters=[@__p_0='?' (Size = 450), @__p_1='?' (Size = 450)], CommandType='"Text"', CommandTimeout='30']
SELECT TOP(1) [a].[UserId], [a].[RoleId]
FROM [AspNetUserRoles] AS [a]
WHERE [a].[UserId] = @__p_0 AND [a].[RoleId] = @__p_1
2025-03-01 12:48:24.173 +03:00 [INF] Executed DbCommand (2ms) [Parameters=[@__normalizedRoleName_0='?' (Size = 256)], CommandType='"Text"', CommandTimeout='30']
SELECT TOP(2) [a].[Id], [a].[ConcurrencyStamp], [a].[Name], [a].[NormalizedName]
FROM [AspNetRoles] AS [a]
WHERE [a].[NormalizedName] = @__normalizedRoleName_0
2025-03-01 12:48:24.182 +03:00 [INF] Executed DbCommand (2ms) [Parameters=[@__normalizedUserName_0='?' (Size = 256)], CommandType='"Text"', CommandTimeout='30']
SELECT TOP(1) [a].[Id], [a].[AccessFailedCount], [a].[ConcurrencyStamp], [a].[Email], [a].[EmailConfirmed], [a].[LockoutEnabled], [a].[LockoutEnd], [a].[NormalizedEmail], [a].[NormalizedUserName], [a].[PasswordHash], [a].[PhoneNumber], [a].[PhoneNumberConfirmed], [a].[SecurityStamp], [a].[TwoFactorEnabled], [a].[UserName]
FROM [AspNetUsers] AS [a]
WHERE [a].[NormalizedUserName] = @__normalizedUserName_0
2025-03-01 12:48:24.185 +03:00 [INF] Executed DbCommand (2ms) [Parameters=[@__normalizedEmail_0='?' (Size = 256)], CommandType='"Text"', CommandTimeout='30']
SELECT TOP(2) [a].[Id], [a].[AccessFailedCount], [a].[ConcurrencyStamp], [a].[Email], [a].[EmailConfirmed], [a].[LockoutEnabled], [a].[LockoutEnd], [a].[NormalizedEmail], [a].[NormalizedUserName], [a].[PasswordHash], [a].[PhoneNumber], [a].[PhoneNumberConfirmed], [a].[SecurityStamp], [a].[TwoFactorEnabled], [a].[UserName]
FROM [AspNetUsers] AS [a]
WHERE [a].[NormalizedEmail] = @__normalizedEmail_0
2025-03-01 12:48:24.190 +03:00 [INF] Executed DbCommand (1ms) [Parameters=[@p0='?' (Size = 450), @p1='?' (Size = 450), @p16='?' (Size = 450), @p2='?' (DbType = Int32), @p3='?' (Size = 4000), @p17='?' (Size = 4000), @p4='?' (Size = 256), @p5='?' (DbType = Boolean), @p6='?' (DbType = Boolean), @p7='?' (DbType = DateTimeOffset), @p8='?' (Size = 256), @p9='?' (Size = 256), @p10='?' (Size = 4000), @p11='?' (Size = 4000), @p12='?' (DbType = Boolean), @p13='?' (Size = 4000), @p14='?' (DbType = Boolean), @p15='?' (Size = 256)], CommandType='"Text"', CommandTimeout='30']
SET NOCOUNT ON;
INSERT INTO [AspNetUserRoles] ([RoleId], [UserId])
VALUES (@p0, @p1);
UPDATE [AspNetUsers] SET [AccessFailedCount] = @p2, [ConcurrencyStamp] = @p3, [Email] = @p4, [EmailConfirmed] = @p5, [LockoutEnabled] = @p6, [LockoutEnd] = @p7, [NormalizedEmail] = @p8, [NormalizedUserName] = @p9, [PasswordHash] = @p10, [PhoneNumber] = @p11, [PhoneNumberConfirmed] = @p12, [SecurityStamp] = @p13, [TwoFactorEnabled] = @p14, [UserName] = @p15
OUTPUT 1
WHERE [Id] = @p16 AND [ConcurrencyStamp] = @p17;
2025-03-01 12:48:24.203 +03:00 [INF] Executing OkObjectResult, writing value of type '<>f__AnonymousType1`2[[System.Boolean, System.Private.CoreLib, Version=9.0.0.0, Culture=neutral, PublicKeyToken=7cec85d7bea7798e],[System.String, System.Private.CoreLib, Version=9.0.0.0, Culture=neutral, PublicKeyToken=7cec85d7bea7798e]]'.
2025-03-01 12:48:24.218 +03:00 [INF] Executed action BGwalks.API.Controllers.AuthController.Register (BGwalks.API) in 912.8049ms
2025-03-01 12:48:24.219 +03:00 [INF] Executed endpoint 'BGwalks.API.Controllers.AuthController.Register (BGwalks.API)'
2025-03-01 12:48:24.229 +03:00 [INF] Request finished HTTP/1.1 POST http://localhost:5102/api/Auth/Register - 200 null application/json; charset=utf-8 1018.7834ms
2025-03-01 12:48:41.180 +03:00 [INF] Request starting HTTP/1.1 POST http://localhost:5102/api/Auth/Login - application/json 60
2025-03-01 12:48:41.185 +03:00 [INF] Executing endpoint 'BGwalks.API.Controllers.AuthController.Login (BGwalks.API)'
2025-03-01 12:48:41.194 +03:00 [INF] Route matched with {action = "Login", controller = "Auth"}. Executing controller action with signature System.Threading.Tasks.Task`1[Microsoft.AspNetCore.Mvc.IActionResult] Login(BGwalks.API.Models.DTO.LoginRequestDto) on controller BGwalks.API.Controllers.AuthController (BGwalks.API).
2025-03-01 12:48:41.284 +03:00 [INF] Executed DbCommand (2ms) [Parameters=[@__normalizedEmail_0='?' (Size = 256)], CommandType='"Text"', CommandTimeout='30']
SELECT TOP(2) [a].[Id], [a].[AccessFailedCount], [a].[ConcurrencyStamp], [a].[Email], [a].[EmailConfirmed], [a].[LockoutEnabled], [a].[LockoutEnd], [a].[NormalizedEmail], [a].[NormalizedUserName], [a].[PasswordHash], [a].[PhoneNumber], [a].[PhoneNumberConfirmed], [a].[SecurityStamp], [a].[TwoFactorEnabled], [a].[UserName]
FROM [AspNetUsers] AS [a]
WHERE [a].[NormalizedEmail] = @__normalizedEmail_0
2025-03-01 12:48:41.435 +03:00 [INF] Executed DbCommand (4ms) [Parameters=[@__userId_0='?' (Size = 450)], CommandType='"Text"', CommandTimeout='30']
SELECT [a0].[Name]
FROM [AspNetUserRoles] AS [a]
INNER JOIN [AspNetRoles] AS [a0] ON [a].[RoleId] = [a0].[Id]
WHERE [a].[UserId] = @__userId_0
2025-03-01 12:48:41.442 +03:00 [INF] Executed DbCommand (2ms) [Parameters=[@__userId_0='?' (Size = 450)], CommandType='"Text"', CommandTimeout='30']
SELECT [a0].[Name]
FROM [AspNetUserRoles] AS [a]
INNER JOIN [AspNetRoles] AS [a0] ON [a].[RoleId] = [a0].[Id]
WHERE [a].[UserId] = @__userId_0
2025-03-01 12:48:41.474 +03:00 [INF] Executing OkObjectResult, writing value of type 'BGwalks.API.Models.DTO.LoginResponseDto'.
2025-03-01 12:48:41.477 +03:00 [INF] Executed action BGwalks.API.Controllers.AuthController.Login (BGwalks.API) in 282.3118ms
2025-03-01 12:48:41.478 +03:00 [INF] Executed endpoint 'BGwalks.API.Controllers.AuthController.Login (BGwalks.API)'
2025-03-01 12:48:41.478 +03:00 [INF] Request finished HTTP/1.1 POST http://localhost:5102/api/Auth/Login - 200 null application/json; charset=utf-8 298.2307ms
2025-03-01 12:48:52.700 +03:00 [INF] Request starting HTTP/1.1 GET http://localhost:5102/api/Regions - null null
2025-03-01 12:48:52.758 +03:00 [INF] Executing endpoint 'BGwalks.API.Controllers.RegionsController.GetAll (BGwalks.API)'
2025-03-01 12:48:52.762 +03:00 [INF] Route matched with {action = "GetAll", controller = "Regions"}. Executing controller action with signature System.Threading.Tasks.Task`1[Microsoft.AspNetCore.Mvc.IActionResult] GetAll() on controller BGwalks.API.Controllers.RegionsController (BGwalks.API).
2025-03-01 12:48:52.913 +03:00 [INF] Executed DbCommand (2ms) [Parameters=[], CommandType='"Text"', CommandTimeout='30']
SELECT [r].[Id], [r].[Name], [r].[RegionImageUrl]
FROM [Regions] AS [r]
2025-03-01 12:48:52.949 +03:00 [INF] Executing OkObjectResult, writing value of type 'System.Collections.Generic.List`1[[BGwalks.API.Models.DTO.RegionGetDto, BGwalks.API, Version=1.0.0.0, Culture=neutral, PublicKeyToken=null]]'.
2025-03-01 12:48:52.955 +03:00 [INF] Executed action BGwalks.API.Controllers.RegionsController.GetAll (BGwalks.API) in 192.7502ms
2025-03-01 12:48:52.957 +03:00 [INF] Executed endpoint 'BGwalks.API.Controllers.RegionsController.GetAll (BGwalks.API)'
2025-03-01 12:48:52.958 +03:00 [INF] Request finished HTTP/1.1 GET http://localhost:5102/api/Regions - 200 null application/json; charset=utf-8 257.778ms
2025-03-01 12:48:58.235 +03:00 [INF] Request starting HTTP/1.1 GET http://localhost:5102/api/Regions - null null
2025-03-01 12:48:58.240 +03:00 [INF] Authorization failed. These requirements were not met:
DenyAnonymousAuthorizationRequirement: Requires an authenticated user.
2025-03-01 12:48:58.245 +03:00 [INF] AuthenticationScheme: Jwt was challenged.
2025-03-01 12:48:58.246 +03:00 [INF] Request finished HTTP/1.1 GET http://localhost:5102/api/Regions - 401 0 null 10.8867ms
2025-03-01 12:49:04.305 +03:00 [INF] Application is shutting down...
2025-03-01 12:49:12.428 +03:00 [INF] User profile is available. Using '/home/ahmed/.aspnet/DataProtection-Keys' as key repository; keys will not be encrypted at rest.
2025-03-01 12:49:12.530 +03:00 [INF] Now listening on: http://localhost:5102
2025-03-01 12:49:12.533 +03:00 [INF] Application started. Press Ctrl+C to shut down.
2025-03-01 12:49:12.533 +03:00 [INF] Hosting environment: Development
2025-03-01 12:49:12.533 +03:00 [INF] Content root path: /home/ahmed/projects/ASPNET-WebApi/BGwalks/BGwalks.API
